TN:
SF:script/DeployX1Coin.s.sol
FN:12,DeployX1Coin.run
FNDA:18,DeployX1Coin.run
DA:13,18
DA:14,18
DA:15,18
DA:17,18
DA:19,18
DA:20,18
DA:21,18
FNF:1
FNH:1
LF:7
LH:7
BRF:0
BRH:0
end_of_record
TN:
SF:src/x1Coin.sol
FN:21,x1Coin.
FNDA:18,x1Coin.
DA:23,18
FN:26,x1Coin.burn
FNDA:2,x1Coin.burn
DA:27,2
DA:28,2
BRDA:28,0,0,-
DA:29,0
DA:31,2
BRDA:31,1,0,1
DA:32,1
DA:34,1
FN:37,x1Coin.mint
FNDA:10,x1Coin.mint
DA:38,9
BRDA:38,2,0,1
DA:39,1
DA:41,8
BRDA:41,3,0,1
DA:42,1
DA:44,7
DA:45,7
FNF:3
FNH:3
LF:13
LH:12
BRF:4
BRH:3
end_of_record
TN:
SF:src/x1Engine.sol
FN:66,x1Engine.moreThanZero
FNDA:3,x1Engine.moreThanZero
DA:67,3
BRDA:67,0,0,-
DA:68,0
FN:73,x1Engine.onlyOwner
FNDA:0,x1Engine.onlyOwner
DA:74,0
BRDA:74,1,0,-
DA:75,0
FN:83,x1Engine.
FNDA:18,x1Engine.
DA:84,18
DA:85,18
FN:93,x1Engine.mintPublicTokens
FNDA:2,x1Engine.mintPublicTokens
DA:98,2
BRDA:98,2,0,1
DA:99,1
DA:101,1
DA:102,1
DA:103,1
FN:107,x1Engine.mintTeamTokens
FNDA:3,x1Engine.mintTeamTokens
DA:112,3
BRDA:112,3,0,1
DA:113,1
DA:115,2
BRDA:115,4,0,1
DA:116,1
DA:118,1
DA:119,1
DA:120,1
FN:124,x1Engine.mintCommunityTokens
FNDA:1,x1Engine.mintCommunityTokens
DA:130,1
BRDA:130,5,0,1
DA:131,1
DA:133,0
DA:134,0
DA:135,0
FN:143,x1Engine.stakeTokens
FNDA:4,x1Engine.stakeTokens
DA:149,4
DA:150,4
BRDA:150,6,0,-
DA:151,0
DA:155,4
DA:156,4
BRDA:156,7,0,4
DA:157,4
DA:160,4
DA:161,4
FN:165,x1Engine.unstakeTokens
FNDA:4,x1Engine.unstakeTokens
DA:166,4
DA:167,4
BRDA:167,8,0,1
DA:168,1
DA:171,3
DA:172,3
BRDA:172,9,0,1
DA:173,1
DA:177,2
DA:180,2
DA:181,2
DA:184,2
DA:185,2
BRDA:185,10,0,1
DA:186,1
DA:189,1
DA:190,1
DA:191,1
FN:195,x1Engine.calculateRewards
FNDA:2,x1Engine.calculateRewards
DA:196,4
DA:197,4
DA:198,4
DA:199,4
DA:200,4
BRDA:200,11,0,1
DA:201,1
DA:203,4
FNF:9
FNH:8
LF:53
LH:46
BRF:12
BRH:9
end_of_record
